2026-03-02 15:30:18,085 - INFO - Starting Stripe Reconciliation Accelerator (Debug: False, Port: 5000)
2026-03-02 15:30:18,962 - INFO - [31m[1mWARNING: This is a development server. Do not use it in a production deployment. Use a production WSGI server instead.[0m
 * Running on all addresses (0.0.0.0)
 * Running on http://127.0.0.1:5000
 * Running on http://192.168.100.4:5000
2026-03-02 15:30:18,963 - INFO - [33mPress CTRL+C to quit[0m
2026-03-02 15:31:12,728 - INFO - 127.0.0.1 - - [02/Mar/2026 15:31:12] "GET / HTTP/1.1" 200 -
2026-03-02 15:31:13,617 - INFO - 127.0.0.1 - - [02/Mar/2026 15:31:13] "[33mGET /favicon.ico HTTP/1.1[0m" 404 -
2026-03-02 15:31:16,187 - INFO - Client demo accessed portal
2026-03-02 15:31:16,471 - INFO - 127.0.0.1 - - [02/Mar/2026 15:31:16] "GET /portal/demo HTTP/1.1" 200 -
2026-03-02 15:31:16,773 - INFO - 127.0.0.1 - - [02/Mar/2026 15:31:16] "GET /api/portal/demo/status HTTP/1.1" 200 -
2026-03-02 15:31:29,528 - ERROR - Critical column 'date' not found. Looked for variations: ['date', 'Date', 'date']. Available columns: ['created', 'type', 'description', 'amount', 'fee', 'net', 'payout_id']
2026-03-02 15:31:29,528 - ERROR - Critical column 'currency' not found. Looked for variations: ['currency', 'Currency', 'currency']. Available columns: ['created', 'type', 'description', 'amount', 'fee', 'net', 'payout_id']
2026-03-02 15:31:29,528 - ERROR - Error loading balance file: Cannot map required columns: ['date', 'currency']. Available columns: ['created', 'type', 'description', 'amount', 'fee', 'net', 'payout_id']
2026-03-02 15:31:29,529 - INFO - 127.0.0.1 - - [02/Mar/2026 15:31:29] "[31m[1mPOST /api/portal/demo/upload HTTP/1.1[0m" 400 -
2026-03-02 15:31:31,396 - ERROR - Critical column 'created' not found. Looked for variations: ['created', 'Created', 'date', 'created']. Available columns: ['payout_id', 'arrival_date', 'amount', 'status']
2026-03-02 15:31:31,396 - ERROR - Error loading payout file: Cannot map required columns: ['created']. Available columns: ['payout_id', 'arrival_date', 'amount', 'status']
2026-03-02 15:31:31,397 - INFO - 127.0.0.1 - - [02/Mar/2026 15:31:31] "[31m[1mPOST /api/portal/demo/upload HTTP/1.1[0m" 400 -
2026-03-02 15:31:37,381 - ERROR - Critical column 'date' not found. Looked for variations: ['date', 'Date', 'date']. Available columns: ['created', 'type', 'description', 'amount', 'fee', 'net', 'payout_id']
2026-03-02 15:31:37,381 - ERROR - Critical column 'currency' not found. Looked for variations: ['currency', 'Currency', 'currency']. Available columns: ['created', 'type', 'description', 'amount', 'fee', 'net', 'payout_id']
2026-03-02 15:31:37,382 - ERROR - Error loading balance file: Cannot map required columns: ['date', 'currency']. Available columns: ['created', 'type', 'description', 'amount', 'fee', 'net', 'payout_id']
2026-03-02 15:31:37,382 - INFO - 127.0.0.1 - - [02/Mar/2026 15:31:37] "[31m[1mPOST /api/portal/demo/upload HTTP/1.1[0m" 400 -
2026-03-02 15:31:52,240 - ERROR - Critical column 'date' not found. Looked for variations: ['date', 'Date', 'date']. Available columns: ['created', 'type', 'description', 'amount', 'fee', 'net', 'payout_id']
2026-03-02 15:31:52,241 - ERROR - Critical column 'currency' not found. Looked for variations: ['currency', 'Currency', 'currency']. Available columns: ['created', 'type', 'description', 'amount', 'fee', 'net', 'payout_id']
2026-03-02 15:31:52,242 - ERROR - Error loading balance file: Cannot map required columns: ['date', 'currency']. Available columns: ['created', 'type', 'description', 'amount', 'fee', 'net', 'payout_id']
2026-03-02 15:31:52,243 - INFO - 127.0.0.1 - - [02/Mar/2026 15:31:52] "[31m[1mPOST /api/portal/demo/upload HTTP/1.1[0m" 400 -
2026-03-02 15:31:54,949 - ERROR - Critical column 'id' not found. Looked for variations: ['id', 'Payout ID', 'payout_id', 'id']. Available columns: ['date', 'description', 'amount']
2026-03-02 15:31:54,950 - ERROR - Critical column 'status' not found. Looked for variations: ['status', 'Status', 'status']. Available columns: ['date', 'description', 'amount']
2026-03-02 15:31:54,950 - ERROR - Error loading payout file: Cannot map required columns: ['id', 'status']. Available columns: ['date', 'description', 'amount']
2026-03-02 15:31:54,951 - INFO - 127.0.0.1 - - [02/Mar/2026 15:31:54] "[31m[1mPOST /api/portal/demo/upload HTTP/1.1[0m" 400 -
2026-03-02 15:31:56,267 - ERROR - Critical column 'date' not found. Looked for variations: ['date', 'Date', 'Transaction Date', 'transaction_date', 'date']. Available columns: ['payout_id', 'arrival_date', 'amount', 'status']
2026-03-02 15:31:56,267 - ERROR - Error loading bank file: Cannot map required columns: ['date']. Available columns: ['payout_id', 'arrival_date', 'amount', 'status']
2026-03-02 15:31:56,268 - INFO - 127.0.0.1 - - [02/Mar/2026 15:31:56] "[31m[1mPOST /api/portal/demo/upload HTTP/1.1[0m" 400 -
2026-03-02 15:32:00,598 - ERROR - Critical column 'date' not found. Looked for variations: ['date', 'Date', 'date']. Available columns: ['created', 'type', 'description', 'amount', 'fee', 'net', 'payout_id']
2026-03-02 15:32:00,599 - ERROR - Critical column 'currency' not found. Looked for variations: ['currency', 'Currency', 'currency']. Available columns: ['created', 'type', 'description', 'amount', 'fee', 'net', 'payout_id']
2026-03-02 15:32:00,600 - ERROR - Error loading balance file: Cannot map required columns: ['date', 'currency']. Available columns: ['created', 'type', 'description', 'amount', 'fee', 'net', 'payout_id']
2026-03-02 15:32:00,601 - INFO - 127.0.0.1 - - [02/Mar/2026 15:32:00] "[31m[1mPOST /api/portal/demo/upload HTTP/1.1[0m" 400 -
2026-03-02 15:32:12,178 - ERROR - Critical column 'date' not found. Looked for variations: ['date', 'Date', 'date']. Available columns: ['created', 'type', 'description', 'amount', 'fee', 'net', 'payout_id']
2026-03-02 15:32:12,193 - ERROR - Critical column 'currency' not found. Looked for variations: ['currency', 'Currency', 'currency']. Available columns: ['created', 'type', 'description', 'amount', 'fee', 'net', 'payout_id']
2026-03-02 15:32:12,225 - ERROR - Error loading balance file: Cannot map required columns: ['date', 'currency']. Available columns: ['created', 'type', 'description', 'amount', 'fee', 'net', 'payout_id']
2026-03-02 15:32:12,238 - INFO - 127.0.0.1 - - [02/Mar/2026 15:32:12] "[31m[1mPOST /api/portal/demo/upload HTTP/1.1[0m" 400 -
2026-03-02 15:32:22,529 - ERROR - Critical column 'date' not found. Looked for variations: ['date', 'Date', 'date']. Available columns: ['created', 'type', 'description', 'amount', 'fee', 'net', 'payout_id']
2026-03-02 15:32:22,529 - ERROR - Critical column 'currency' not found. Looked for variations: ['currency', 'Currency', 'currency']. Available columns: ['created', 'type', 'description', 'amount', 'fee', 'net', 'payout_id']
2026-03-02 15:32:22,530 - ERROR - Error loading balance file: Cannot map required columns: ['date', 'currency']. Available columns: ['created', 'type', 'description', 'amount', 'fee', 'net', 'payout_id']
2026-03-02 15:32:22,530 - INFO - 127.0.0.1 - - [02/Mar/2026 15:32:22] "[31m[1mPOST /api/portal/demo/upload HTTP/1.1[0m" 400 -
2026-03-02 15:32:28,544 - INFO - Client demo accessed portal
2026-03-02 15:32:28,545 - INFO - 127.0.0.1 - - [02/Mar/2026 15:32:28] "GET /portal/demo HTTP/1.1" 200 -
2026-03-02 15:32:28,855 - INFO - 127.0.0.1 - - [02/Mar/2026 15:32:28] "GET /api/portal/demo/status HTTP/1.1" 200 -
2026-03-02 15:32:35,111 - ERROR - Critical column 'date' not found. Looked for variations: ['date', 'Date', 'date']. Available columns: ['created', 'type', 'description', 'amount', 'fee', 'net', 'payout_id']
2026-03-02 15:32:35,111 - ERROR - Critical column 'currency' not found. Looked for variations: ['currency', 'Currency', 'currency']. Available columns: ['created', 'type', 'description', 'amount', 'fee', 'net', 'payout_id']
2026-03-02 15:32:35,112 - ERROR - Error loading balance file: Cannot map required columns: ['date', 'currency']. Available columns: ['created', 'type', 'description', 'amount', 'fee', 'net', 'payout_id']
2026-03-02 15:32:35,115 - INFO - 127.0.0.1 - - [02/Mar/2026 15:32:35] "[31m[1mPOST /api/portal/demo/upload HTTP/1.1[0m" 400 -
2026-03-02 15:32:40,261 - INFO - Client client_a accessed portal
2026-03-02 15:32:40,262 - INFO - 127.0.0.1 - - [02/Mar/2026 15:32:40] "GET /portal/client_a HTTP/1.1" 200 -
2026-03-02 15:32:40,554 - INFO - 127.0.0.1 - - [02/Mar/2026 15:32:40] "GET /api/portal/client_a/status HTTP/1.1" 200 -
2026-03-02 15:32:43,936 - ERROR - Critical column 'date' not found. Looked for variations: ['date', 'Date', 'date']. Available columns: ['created', 'type', 'description', 'amount', 'fee', 'net', 'payout_id']
2026-03-02 15:32:43,936 - ERROR - Critical column 'currency' not found. Looked for variations: ['currency', 'Currency', 'currency']. Available columns: ['created', 'type', 'description', 'amount', 'fee', 'net', 'payout_id']
2026-03-02 15:32:43,937 - ERROR - Error loading balance file: Cannot map required columns: ['date', 'currency']. Available columns: ['created', 'type', 'description', 'amount', 'fee', 'net', 'payout_id']
2026-03-02 15:32:43,937 - INFO - 127.0.0.1 - - [02/Mar/2026 15:32:43] "[31m[1mPOST /api/portal/client_a/upload HTTP/1.1[0m" 400 -
2026-03-02 15:33:34,203 - ERROR - Critical column 'date' not found. Looked for variations: ['date', 'Date', 'date']. Available columns: ['created', 'type', 'description', 'amount', 'fee', 'net', 'payout_id']
2026-03-02 15:33:34,204 - ERROR - Critical column 'currency' not found. Looked for variations: ['currency', 'Currency', 'currency']. Available columns: ['created', 'type', 'description', 'amount', 'fee', 'net', 'payout_id']
2026-03-02 15:33:34,205 - ERROR - Error loading balance file: Cannot map required columns: ['date', 'currency']. Available columns: ['created', 'type', 'description', 'amount', 'fee', 'net', 'payout_id']
2026-03-02 15:33:34,206 - INFO - 127.0.0.1 - - [02/Mar/2026 15:33:34] "[31m[1mPOST /api/portal/client_a/upload HTTP/1.1[0m" 400 -
2026-03-02 15:33:41,222 - INFO - Session reset for client_a
2026-03-02 15:33:41,225 - INFO - 127.0.0.1 - - [02/Mar/2026 15:33:41] "POST /api/portal/client_a/reset HTTP/1.1" 200 -
2026-03-02 15:33:41,240 - INFO - Client client_a accessed portal
2026-03-02 15:33:41,241 - INFO - 127.0.0.1 - - [02/Mar/2026 15:33:41] "GET /portal/client_a HTTP/1.1" 200 -
2026-03-02 15:33:41,595 - INFO - 127.0.0.1 - - [02/Mar/2026 15:33:41] "GET /api/portal/client_a/status HTTP/1.1" 200 -
2026-03-02 15:33:45,074 - ERROR - Critical column 'date' not found. Looked for variations: ['date', 'Date', 'date']. Available columns: ['created', 'type', 'description', 'amount', 'fee', 'net', 'payout_id']
2026-03-02 15:33:45,074 - ERROR - Critical column 'currency' not found. Looked for variations: ['currency', 'Currency', 'currency']. Available columns: ['created', 'type', 'description', 'amount', 'fee', 'net', 'payout_id']
2026-03-02 15:33:45,075 - ERROR - Error loading balance file: Cannot map required columns: ['date', 'currency']. Available columns: ['created', 'type', 'description', 'amount', 'fee', 'net', 'payout_id']
2026-03-02 15:33:45,075 - INFO - 127.0.0.1 - - [02/Mar/2026 15:33:45] "[31m[1mPOST /api/portal/client_a/upload HTTP/1.1[0m" 400 -
2026-03-02 15:34:36,494 - INFO - Starting Stripe Reconciliation Accelerator (Debug: False, Port: 5000)
2026-03-02 15:34:37,344 - INFO - [31m[1mWARNING: This is a development server. Do not use it in a production deployment. Use a production WSGI server instead.[0m
 * Running on all addresses (0.0.0.0)
 * Running on http://127.0.0.1:5000
 * Running on http://192.168.100.4:5000
2026-03-02 15:34:37,345 - INFO - [33mPress CTRL+C to quit[0m
2026-03-02 15:35:53,651 - INFO - Starting Stripe Reconciliation Accelerator (Debug: False, Port: 5000)
2026-03-02 15:35:54,502 - INFO - [31m[1mWARNING: This is a development server. Do not use it in a production deployment. Use a production WSGI server instead.[0m
 * Running on all addresses (0.0.0.0)
 * Running on http://127.0.0.1:5000
 * Running on http://192.168.100.4:5000
2026-03-02 15:35:54,503 - INFO - [33mPress CTRL+C to quit[0m
2026-03-02 15:36:43,125 - INFO - Starting Stripe Reconciliation Accelerator (Debug: False, Port: 5000)
2026-03-02 15:36:43,976 - INFO - [31m[1mWARNING: This is a development server. Do not use it in a production deployment. Use a production WSGI server instead.[0m
 * Running on all addresses (0.0.0.0)
 * Running on http://127.0.0.1:5000
 * Running on http://192.168.100.4:5000
2026-03-02 15:36:43,977 - INFO - [33mPress CTRL+C to quit[0m
2026-03-02 15:38:58,168 - INFO - Starting Stripe Reconciliation Accelerator (Debug: False, Port: 5000)
2026-03-02 15:38:59,029 - INFO - [31m[1mWARNING: This is a development server. Do not use it in a production deployment. Use a production WSGI server instead.[0m
 * Running on all addresses (0.0.0.0)
 * Running on http://127.0.0.1:5000
 * Running on http://192.168.100.4:5000
2026-03-02 15:38:59,030 - INFO - [33mPress CTRL+C to quit[0m
2026-03-02 15:40:49,374 - INFO - 127.0.0.1 - - [02/Mar/2026 15:40:49] "GET / HTTP/1.1" 200 -
2026-03-02 15:40:52,066 - INFO - Client client_a accessed portal
2026-03-02 15:40:52,078 - INFO - 127.0.0.1 - - [02/Mar/2026 15:40:52] "GET /portal/client_a HTTP/1.1" 200 -
2026-03-02 15:40:52,388 - INFO - 127.0.0.1 - - [02/Mar/2026 15:40:52] "GET /api/portal/client_a/status HTTP/1.1" 200 -
2026-03-02 15:40:55,550 - INFO - Balance CSV columns: ['created', 'type', 'description', 'amount', 'fee', 'net', 'payout_id']
2026-03-02 15:40:55,553 - INFO - Unused columns in file: ['description']
2026-03-02 15:40:55,568 - INFO - Balance CSV processed. Final columns: ['created', 'type', 'description', 'amount', 'fee', 'net', 'payout_id', 'currency']
2026-03-02 15:40:55,568 - INFO - Balance file loaded successfully: 50 rows
2026-03-02 15:40:55,568 - INFO - File uploaded for client_a: balance
2026-03-02 15:40:55,569 - INFO - 127.0.0.1 - - [02/Mar/2026 15:40:55] "POST /api/portal/client_a/upload HTTP/1.1" 200 -
2026-03-02 15:41:00,613 - INFO - Payout CSV columns: ['payout_id', 'arrival_date', 'amount', 'status']
2026-03-02 15:41:00,614 - ERROR - Critical column 'created' not found. Looked for variations: ['payout date', 'Payout Date', 'created', 'date', 'Date', 'created']. Available columns: ['payout_id', 'arrival_date', 'amount', 'status']
2026-03-02 15:41:00,615 - WARNING - Optional column 'currency' not found (variations: ['currency', 'Currency', 'currency']). Will use default value: USD
2026-03-02 15:41:00,615 - WARNING - Optional column 'type' not found (variations: ['type', 'Type', 'type']). Will use default value: payout
2026-03-02 15:41:00,615 - WARNING - Custom column mapping failed: Cannot map required columns: ['created']. Available columns: ['payout_id', 'arrival_date', 'amount', 'status']. Using defaults.
2026-03-02 15:41:00,620 - INFO - Payout CSV processed. Final columns: ['payout_id', 'arrival_date', 'amount', 'status', 'created', 'currency', 'type']
2026-03-02 15:41:00,621 - INFO - Payout file loaded successfully: 11 rows
2026-03-02 15:41:00,621 - INFO - File uploaded for client_a: payout
2026-03-02 15:41:00,624 - INFO - 127.0.0.1 - - [02/Mar/2026 15:41:00] "POST /api/portal/client_a/upload HTTP/1.1" 200 -
2026-03-02 15:41:03,884 - INFO - Bank CSV columns: ['date', 'description', 'amount']
2026-03-02 15:41:03,884 - WARNING - Optional column 'debit' not found (variations: ['debit', 'Debit', 'debit']). Will use default value: 0
2026-03-02 15:41:03,885 - WARNING - Optional column 'balance' not found (variations: ['balance', 'Balance', 'balance']). Will use default value: 0
2026-03-02 15:41:03,887 - INFO - Bank CSV processed. Final columns: ['date', 'description', 'amount', 'debit', 'balance', 'matched']
2026-03-02 15:41:03,888 - INFO - Bank statement loaded successfully: 11 rows
2026-03-02 15:41:03,888 - INFO - File uploaded for client_a: bank
2026-03-02 15:41:03,889 - INFO - 127.0.0.1 - - [02/Mar/2026 15:41:03] "POST /api/portal/client_a/upload HTTP/1.1" 200 -
2026-03-02 15:41:03,894 - INFO - 127.0.0.1 - - [02/Mar/2026 15:41:03] "GET /api/portal/client_a/preview HTTP/1.1" 200 -
2026-03-02 15:41:31,188 - INFO - Processing reconciliation for client_a
2026-03-02 15:41:31,188 - ERROR - Files have not been processed yet
2026-03-02 15:41:31,189 - INFO - 127.0.0.1 - - [02/Mar/2026 15:41:31] "[35m[1mPOST /api/portal/client_a/process HTTP/1.1[0m" 500 -
2026-03-02 15:41:38,619 - INFO - Processing reconciliation for client_a
2026-03-02 15:41:38,619 - ERROR - Files have not been processed yet
2026-03-02 15:41:38,620 - INFO - 127.0.0.1 - - [02/Mar/2026 15:41:38] "[35m[1mPOST /api/portal/client_a/process HTTP/1.1[0m" 500 -
2026-03-02 15:42:15,430 - INFO - Processing reconciliation for client_a
2026-03-02 15:42:15,431 - ERROR - Files have not been processed yet
2026-03-02 15:42:15,432 - INFO - 127.0.0.1 - - [02/Mar/2026 15:42:15] "[35m[1mPOST /api/portal/client_a/process HTTP/1.1[0m" 500 -
2026-03-02 15:42:37,110 - INFO - Starting Stripe Reconciliation Accelerator (Debug: False, Port: 5000)
2026-03-02 15:42:37,979 - INFO - [31m[1mWARNING: This is a development server. Do not use it in a production deployment. Use a production WSGI server instead.[0m
 * Running on all addresses (0.0.0.0)
 * Running on http://127.0.0.1:5000
 * Running on http://192.168.100.4:5000
2026-03-02 15:42:37,980 - INFO - [33mPress CTRL+C to quit[0m
2026-03-02 15:44:37,792 - INFO - Starting Stripe Reconciliation Accelerator (Debug: False, Port: 5000)
2026-03-02 15:44:38,637 - INFO - [31m[1mWARNING: This is a development server. Do not use it in a production deployment. Use a production WSGI server instead.[0m
 * Running on all addresses (0.0.0.0)
 * Running on http://127.0.0.1:5000
 * Running on http://192.168.100.4:5000
2026-03-02 15:44:38,638 - INFO - [33mPress CTRL+C to quit[0m
2026-03-02 15:48:21,015 - INFO - 127.0.0.1 - - [02/Mar/2026 15:48:21] "GET / HTTP/1.1" 200 -
2026-03-02 15:48:25,325 - INFO - Client client_a accessed portal
2026-03-02 15:48:25,334 - INFO - 127.0.0.1 - - [02/Mar/2026 15:48:25] "GET /portal/client_a HTTP/1.1" 200 -
2026-03-02 15:48:25,658 - INFO - 127.0.0.1 - - [02/Mar/2026 15:48:25] "GET /api/portal/client_a/status HTTP/1.1" 200 -
2026-03-02 15:48:30,373 - INFO - Balance CSV columns: ['created', 'type', 'description', 'amount', 'fee', 'net', 'payout_id']
2026-03-02 15:48:30,375 - INFO - Unused columns in file: ['description']
2026-03-02 15:48:30,382 - INFO - Balance CSV processed. Final columns: ['created', 'type', 'description', 'amount', 'fee', 'net', 'payout_id', 'currency']
2026-03-02 15:48:30,383 - INFO - Balance file loaded successfully: 50 rows
2026-03-02 15:48:30,383 - INFO - File uploaded for client_a: balance
2026-03-02 15:48:30,383 - INFO - 127.0.0.1 - - [02/Mar/2026 15:48:30] "POST /api/portal/client_a/upload HTTP/1.1" 200 -
2026-03-02 15:48:33,242 - INFO - Payout CSV columns: ['payout_id', 'arrival_date', 'amount', 'status']
2026-03-02 15:48:33,242 - WARNING - Optional column 'currency' not found (variations: ['currency', 'Currency', 'currency']). Will use default value: USD
2026-03-02 15:48:33,243 - WARNING - Optional column 'type' not found (variations: ['type', 'Type', 'type']). Will use default value: payout
2026-03-02 15:48:33,245 - INFO - Using 'arrival_date' as 'created' date
2026-03-02 15:48:33,252 - INFO - Payout CSV processed. Final columns: ['payout_id', 'arrival_date', 'amount', 'status', 'created', 'currency', 'type']
2026-03-02 15:48:33,253 - INFO - Payout file loaded successfully: 11 rows
2026-03-02 15:48:33,253 - INFO - File uploaded for client_a: payout
2026-03-02 15:48:33,254 - INFO - 127.0.0.1 - - [02/Mar/2026 15:48:33] "POST /api/portal/client_a/upload HTTP/1.1" 200 -
2026-03-02 15:48:39,284 - INFO - Bank CSV columns: ['date', 'description', 'amount']
2026-03-02 15:48:39,285 - WARNING - Optional column 'debit' not found (variations: ['debit', 'Debit', 'debit']). Will use default value: 0
2026-03-02 15:48:39,285 - WARNING - Optional column 'balance' not found (variations: ['balance', 'Balance', 'balance']). Will use default value: 0
2026-03-02 15:48:39,288 - INFO - Bank CSV processed. Final columns: ['date', 'description', 'amount', 'debit', 'balance', 'matched']
2026-03-02 15:48:39,289 - INFO - Bank statement loaded successfully: 11 rows
2026-03-02 15:48:39,289 - INFO - File uploaded for client_a: bank
2026-03-02 15:48:39,290 - INFO - 127.0.0.1 - - [02/Mar/2026 15:48:39] "POST /api/portal/client_a/upload HTTP/1.1" 200 -
2026-03-02 15:48:39,296 - INFO - 127.0.0.1 - - [02/Mar/2026 15:48:39] "GET /api/portal/client_a/preview HTTP/1.1" 200 -
2026-03-02 15:48:42,498 - INFO - Processing reconciliation for client_a
2026-03-02 15:48:42,498 - INFO - Processing reconciliation with 50 balance rows, 11 payout rows, 11 bank rows
2026-03-02 15:48:42,498 - INFO - Step 1: Calculating monthly summary...
2026-03-02 15:48:42,507 - INFO - Stripe Monthly Summary calculated:
2026-03-02 15:48:42,508 - INFO -   Total Charges: 146200
2026-03-02 15:48:42,508 - INFO -   Total Fees: 4386
2026-03-02 15:48:42,508 - INFO -   Net Activity: 139514
2026-03-02 15:48:42,509 - INFO -   Total Payouts: 120606
2026-03-02 15:48:42,509 - INFO -   Ending Balance: 18908.0
2026-03-02 15:48:42,509 - INFO - Summary calculated: 15 metrics
2026-03-02 15:48:42,509 - INFO - Step 2: Matching payouts to bank deposits...
2026-03-02 15:48:42,525 - INFO - Payout po_501 matched in bank: 10573 (diff 0)
2026-03-02 15:48:42,529 - INFO - Payout po_502 matched in bank: 8439 (diff 0)
2026-03-02 15:48:42,533 - INFO - Payout po_503 matched in bank: 14162 (diff 2)
2026-03-02 15:48:42,537 - INFO - Payout po_504 matched in bank: 6402 (diff 0)
2026-03-02 15:48:42,541 - INFO - Payout po_505 matched in bank: 7954 (diff 0)
2026-03-02 15:48:42,545 - INFO - Payout po_506 matched in bank: 4206 (diff 0)
2026-03-02 15:48:42,549 - INFO - Payout po_507 matched in bank: 10670 (diff 0)
2026-03-02 15:48:42,554 - INFO - Payout po_508 matched in bank: 12222 (diff 0)
2026-03-02 15:48:42,557 - ERROR - Error matching payouts: Invalid comparison between dtype=datetime64[us] and int
Traceback (most recent call last):
  File "C:\Users\Dell\AppData\Local\Programs\Python\Python312\Lib\site-packages\pandas\core\arrays\datetimelike.py", line 991, in _cmp_method
    other = self._validate_comparison_value(other)
            ^^^^^^^^^^^^^^^^^^^^^^^^^^^^^^^^^^^^^^
  File "C:\Users\Dell\AppData\Local\Programs\Python\Python312\Lib\site-packages\pandas\core\arrays\datetimelike.py", line 561, in _validate_comparison_value
    raise InvalidComparison(other)
pandas.errors.InvalidComparison: 3

During handling of the above exception, another exception occurred:

Traceback (most recent call last):
  File "C:\Users\Dell\Desktop\Recs automation\version 3\bank rec final\logic.py", line 1554, in process_files
    self.matching_df, self.unmatched_bank = match_stripe_payouts_to_bank(
                                            ^^^^^^^^^^^^^^^^^^^^^^^^^^^^^
  File "C:\Users\Dell\Desktop\Recs automation\version 3\bank rec final\logic.py", line 531, in match_stripe_payouts_to_bank
    candidates = candidates[candidates['date_diff'] <= 3]
                            ^^^^^^^^^^^^^^^^^^^^^^^^^^^^
  File "C:\Users\Dell\AppData\Local\Programs\Python\Python312\Lib\site-packages\pandas\core\ops\common.py", line 85, in new_method
    return method(self, other)
           ^^^^^^^^^^^^^^^^^^^
  File "C:\Users\Dell\AppData\Local\Programs\Python\Python312\Lib\site-packages\pandas\core\arraylike.py", line 54, in __le__
    return self._cmp_method(other, operator.le)
           ^^^^^^^^^^^^^^^^^^^^^^^^^^^^^^^^^^^^
  File "C:\Users\Dell\AppData\Local\Programs\Python\Python312\Lib\site-packages\pandas\core\series.py", line 6735, in _cmp_method
    res_values = ops.comparison_op(lvalues, rvalues, op)
                 ^^^^^^^^^^^^^^^^^^^^^^^^^^^^^^^^^^^^^^^
  File "C:\Users\Dell\AppData\Local\Programs\Python\Python312\Lib\site-packages\pandas\core\ops\array_ops.py", line 341, in comparison_op
    res_values = op(lvalues, rvalues)
                 ^^^^^^^^^^^^^^^^^^^^
  File "C:\Users\Dell\AppData\Local\Programs\Python\Python312\Lib\site-packages\pandas\core\ops\common.py", line 85, in new_method
    return method(self, other)
           ^^^^^^^^^^^^^^^^^^^
  File "C:\Users\Dell\AppData\Local\Programs\Python\Python312\Lib\site-packages\pandas\core\arraylike.py", line 54, in __le__
    return self._cmp_method(other, operator.le)
           ^^^^^^^^^^^^^^^^^^^^^^^^^^^^^^^^^^^^
  File "C:\Users\Dell\AppData\Local\Programs\Python\Python312\Lib\site-packages\pandas\core\arrays\datetimelike.py", line 995, in _cmp_method
    return invalid_comparison(self, other, op)
           ^^^^^^^^^^^^^^^^^^^^^^^^^^^^^^^^^^^
  File "C:\Users\Dell\AppData\Local\Programs\Python\Python312\Lib\site-packages\pandas\core\ops\invalid.py", line 55, in invalid_comparison
    raise TypeError(f"Invalid comparison between dtype={left.dtype} and {typ}")
TypeError: Invalid comparison between dtype=datetime64[us] and int
2026-03-02 15:48:42,699 - ERROR - Reconciliation processing failed: Error matching payouts: Invalid comparison between dtype=datetime64[us] and int
2026-03-02 15:48:42,700 - INFO - 127.0.0.1 - - [02/Mar/2026 15:48:42] "[35m[1mPOST /api/portal/client_a/process HTTP/1.1[0m" 500 -
2026-03-02 15:48:50,922 - INFO - Processing reconciliation for client_a
2026-03-02 15:48:50,923 - INFO - Processing reconciliation with 50 balance rows, 11 payout rows, 11 bank rows
2026-03-02 15:48:50,923 - INFO - Step 1: Calculating monthly summary...
2026-03-02 15:48:50,927 - INFO - Stripe Monthly Summary calculated:
2026-03-02 15:48:50,927 - INFO -   Total Charges: 146200
2026-03-02 15:48:50,927 - INFO -   Total Fees: 4386
2026-03-02 15:48:50,928 - INFO -   Net Activity: 139514
2026-03-02 15:48:50,928 - INFO -   Total Payouts: 120606
2026-03-02 15:48:50,928 - INFO -   Ending Balance: 18908.0
2026-03-02 15:48:50,929 - INFO - Summary calculated: 15 metrics
2026-03-02 15:48:50,929 - INFO - Step 2: Matching payouts to bank deposits...
2026-03-02 15:48:50,934 - INFO - Payout po_501 matched in bank: 10573 (diff 0)
2026-03-02 15:48:50,939 - INFO - Payout po_502 matched in bank: 8439 (diff 0)
2026-03-02 15:48:50,944 - INFO - Payout po_503 matched in bank: 14162 (diff 2)
2026-03-02 15:48:50,948 - INFO - Payout po_504 matched in bank: 6402 (diff 0)
2026-03-02 15:48:50,952 - INFO - Payout po_505 matched in bank: 7954 (diff 0)
2026-03-02 15:48:50,958 - INFO - Payout po_506 matched in bank: 4206 (diff 0)
2026-03-02 15:48:50,964 - INFO - Payout po_507 matched in bank: 10670 (diff 0)
2026-03-02 15:48:50,969 - INFO - Payout po_508 matched in bank: 12222 (diff 0)
2026-03-02 15:48:50,972 - ERROR - Error matching payouts: Invalid comparison between dtype=datetime64[us] and int
Traceback (most recent call last):
  File "C:\Users\Dell\AppData\Local\Programs\Python\Python312\Lib\site-packages\pandas\core\arrays\datetimelike.py", line 991, in _cmp_method
    other = self._validate_comparison_value(other)
            ^^^^^^^^^^^^^^^^^^^^^^^^^^^^^^^^^^^^^^
  File "C:\Users\Dell\AppData\Local\Programs\Python\Python312\Lib\site-packages\pandas\core\arrays\datetimelike.py", line 561, in _validate_comparison_value
    raise InvalidComparison(other)
pandas.errors.InvalidComparison: 3

During handling of the above exception, another exception occurred:

Traceback (most recent call last):
  File "C:\Users\Dell\Desktop\Recs automation\version 3\bank rec final\logic.py", line 1554, in process_files
    self.matching_df, self.unmatched_bank = match_stripe_payouts_to_bank(
                                            ^^^^^^^^^^^^^^^^^^^^^^^^^^^^^
  File "C:\Users\Dell\Desktop\Recs automation\version 3\bank rec final\logic.py", line 531, in match_stripe_payouts_to_bank
    candidates = candidates[candidates['date_diff'] <= 3]
                            ^^^^^^^^^^^^^^^^^^^^^^^^^^^^
  File "C:\Users\Dell\AppData\Local\Programs\Python\Python312\Lib\site-packages\pandas\core\ops\common.py", line 85, in new_method
    return method(self, other)
           ^^^^^^^^^^^^^^^^^^^
  File "C:\Users\Dell\AppData\Local\Programs\Python\Python312\Lib\site-packages\pandas\core\arraylike.py", line 54, in __le__
    return self._cmp_method(other, operator.le)
           ^^^^^^^^^^^^^^^^^^^^^^^^^^^^^^^^^^^^
  File "C:\Users\Dell\AppData\Local\Programs\Python\Python312\Lib\site-packages\pandas\core\series.py", line 6735, in _cmp_method
    res_values = ops.comparison_op(lvalues, rvalues, op)
                 ^^^^^^^^^^^^^^^^^^^^^^^^^^^^^^^^^^^^^^^
  File "C:\Users\Dell\AppData\Local\Programs\Python\Python312\Lib\site-packages\pandas\core\ops\array_ops.py", line 341, in comparison_op
    res_values = op(lvalues, rvalues)
                 ^^^^^^^^^^^^^^^^^^^^
  File "C:\Users\Dell\AppData\Local\Programs\Python\Python312\Lib\site-packages\pandas\core\ops\common.py", line 85, in new_method
    return method(self, other)
           ^^^^^^^^^^^^^^^^^^^
  File "C:\Users\Dell\AppData\Local\Programs\Python\Python312\Lib\site-packages\pandas\core\arraylike.py", line 54, in __le__
    return self._cmp_method(other, operator.le)
           ^^^^^^^^^^^^^^^^^^^^^^^^^^^^^^^^^^^^
  File "C:\Users\Dell\AppData\Local\Programs\Python\Python312\Lib\site-packages\pandas\core\arrays\datetimelike.py", line 995, in _cmp_method
    return invalid_comparison(self, other, op)
           ^^^^^^^^^^^^^^^^^^^^^^^^^^^^^^^^^^^
  File "C:\Users\Dell\AppData\Local\Programs\Python\Python312\Lib\site-packages\pandas\core\ops\invalid.py", line 55, in invalid_comparison
    raise TypeError(f"Invalid comparison between dtype={left.dtype} and {typ}")
TypeError: Invalid comparison between dtype=datetime64[us] and int
2026-03-02 15:48:50,977 - ERROR - Reconciliation processing failed: Error matching payouts: Invalid comparison between dtype=datetime64[us] and int
2026-03-02 15:48:50,977 - INFO - 127.0.0.1 - - [02/Mar/2026 15:48:50] "[35m[1mPOST /api/portal/client_a/process HTTP/1.1[0m" 500 -
2026-03-02 15:48:57,754 - INFO - Processing reconciliation for client_a
2026-03-02 15:48:57,754 - INFO - Processing reconciliation with 50 balance rows, 11 payout rows, 11 bank rows
2026-03-02 15:48:57,755 - INFO - Step 1: Calculating monthly summary...
2026-03-02 15:48:57,758 - INFO - Stripe Monthly Summary calculated:
2026-03-02 15:48:57,759 - INFO -   Total Charges: 146200
2026-03-02 15:48:57,759 - INFO -   Total Fees: 4386
2026-03-02 15:48:57,759 - INFO -   Net Activity: 139514
2026-03-02 15:48:57,760 - INFO -   Total Payouts: 120606
2026-03-02 15:48:57,760 - INFO -   Ending Balance: 18908.0
2026-03-02 15:48:57,760 - INFO - Summary calculated: 15 metrics
2026-03-02 15:48:57,761 - INFO - Step 2: Matching payouts to bank deposits...
2026-03-02 15:48:57,766 - INFO - Payout po_501 matched in bank: 10573 (diff 0)
2026-03-02 15:48:57,772 - INFO - Payout po_502 matched in bank: 8439 (diff 0)
2026-03-02 15:48:57,777 - INFO - Payout po_503 matched in bank: 14162 (diff 2)
2026-03-02 15:48:57,781 - INFO - Payout po_504 matched in bank: 6402 (diff 0)
2026-03-02 15:48:57,783 - INFO - Payout po_505 matched in bank: 7954 (diff 0)
2026-03-02 15:48:57,788 - INFO - Payout po_506 matched in bank: 4206 (diff 0)
2026-03-02 15:48:57,792 - INFO - Payout po_507 matched in bank: 10670 (diff 0)
2026-03-02 15:48:57,797 - INFO - Payout po_508 matched in bank: 12222 (diff 0)
2026-03-02 15:48:57,799 - ERROR - Error matching payouts: Invalid comparison between dtype=datetime64[us] and int
Traceback (most recent call last):
  File "C:\Users\Dell\AppData\Local\Programs\Python\Python312\Lib\site-packages\pandas\core\arrays\datetimelike.py", line 991, in _cmp_method
    other = self._validate_comparison_value(other)
            ^^^^^^^^^^^^^^^^^^^^^^^^^^^^^^^^^^^^^^
  File "C:\Users\Dell\AppData\Local\Programs\Python\Python312\Lib\site-packages\pandas\core\arrays\datetimelike.py", line 561, in _validate_comparison_value
    raise InvalidComparison(other)
pandas.errors.InvalidComparison: 3

During handling of the above exception, another exception occurred:

Traceback (most recent call last):
  File "C:\Users\Dell\Desktop\Recs automation\version 3\bank rec final\logic.py", line 1554, in process_files
    self.matching_df, self.unmatched_bank = match_stripe_payouts_to_bank(
                                            ^^^^^^^^^^^^^^^^^^^^^^^^^^^^^
  File "C:\Users\Dell\Desktop\Recs automation\version 3\bank rec final\logic.py", line 531, in match_stripe_payouts_to_bank
    candidates = candidates[candidates['date_diff'] <= 3]
                            ^^^^^^^^^^^^^^^^^^^^^^^^^^^^
  File "C:\Users\Dell\AppData\Local\Programs\Python\Python312\Lib\site-packages\pandas\core\ops\common.py", line 85, in new_method
    return method(self, other)
           ^^^^^^^^^^^^^^^^^^^
  File "C:\Users\Dell\AppData\Local\Programs\Python\Python312\Lib\site-packages\pandas\core\arraylike.py", line 54, in __le__
    return self._cmp_method(other, operator.le)
           ^^^^^^^^^^^^^^^^^^^^^^^^^^^^^^^^^^^^
  File "C:\Users\Dell\AppData\Local\Programs\Python\Python312\Lib\site-packages\pandas\core\series.py", line 6735, in _cmp_method
    res_values = ops.comparison_op(lvalues, rvalues, op)
                 ^^^^^^^^^^^^^^^^^^^^^^^^^^^^^^^^^^^^^^^
  File "C:\Users\Dell\AppData\Local\Programs\Python\Python312\Lib\site-packages\pandas\core\ops\array_ops.py", line 341, in comparison_op
    res_values = op(lvalues, rvalues)
                 ^^^^^^^^^^^^^^^^^^^^
  File "C:\Users\Dell\AppData\Local\Programs\Python\Python312\Lib\site-packages\pandas\core\ops\common.py", line 85, in new_method
    return method(self, other)
           ^^^^^^^^^^^^^^^^^^^
  File "C:\Users\Dell\AppData\Local\Programs\Python\Python312\Lib\site-packages\pandas\core\arraylike.py", line 54, in __le__
    return self._cmp_method(other, operator.le)
           ^^^^^^^^^^^^^^^^^^^^^^^^^^^^^^^^^^^^
  File "C:\Users\Dell\AppData\Local\Programs\Python\Python312\Lib\site-packages\pandas\core\arrays\datetimelike.py", line 995, in _cmp_method
    return invalid_comparison(self, other, op)
           ^^^^^^^^^^^^^^^^^^^^^^^^^^^^^^^^^^^
  File "C:\Users\Dell\AppData\Local\Programs\Python\Python312\Lib\site-packages\pandas\core\ops\invalid.py", line 55, in invalid_comparison
    raise TypeError(f"Invalid comparison between dtype={left.dtype} and {typ}")
TypeError: Invalid comparison between dtype=datetime64[us] and int
2026-03-02 15:48:57,806 - ERROR - Reconciliation processing failed: Error matching payouts: Invalid comparison between dtype=datetime64[us] and int
2026-03-02 15:48:57,807 - INFO - 127.0.0.1 - - [02/Mar/2026 15:48:57] "[35m[1mPOST /api/portal/client_a/process HTTP/1.1[0m" 500 -
2026-03-02 15:53:05,507 - INFO - Starting Stripe Reconciliation Accelerator (Debug: False, Port: 5000)
2026-03-02 15:53:06,359 - INFO - [31m[1mWARNING: This is a development server. Do not use it in a production deployment. Use a production WSGI server instead.[0m
 * Running on all addresses (0.0.0.0)
 * Running on http://127.0.0.1:5000
 * Running on http://192.168.100.4:5000
2026-03-02 15:53:06,359 - INFO - [33mPress CTRL+C to quit[0m
2026-03-02 15:55:35,262 - INFO - 127.0.0.1 - - [02/Mar/2026 15:55:35] "GET / HTTP/1.1" 200 -
2026-03-02 15:55:37,073 - INFO - Client client_a accessed portal
2026-03-02 15:55:37,080 - INFO - 127.0.0.1 - - [02/Mar/2026 15:55:37] "GET /portal/client_a HTTP/1.1" 200 -
2026-03-02 15:55:37,369 - INFO - 127.0.0.1 - - [02/Mar/2026 15:55:37] "GET /api/portal/client_a/status HTTP/1.1" 200 -
2026-03-02 15:55:40,790 - INFO - Balance CSV columns: ['created', 'type', 'description', 'amount', 'fee', 'net', 'payout_id']
2026-03-02 15:55:40,793 - INFO - Unused columns in file: ['description']
2026-03-02 15:55:40,798 - INFO - Balance CSV processed. Final columns: ['created', 'type', 'description', 'amount', 'fee', 'net', 'payout_id', 'currency']
2026-03-02 15:55:40,799 - INFO - Balance file loaded successfully: 50 rows
2026-03-02 15:55:40,799 - INFO - File uploaded for client_a: balance
2026-03-02 15:55:40,800 - INFO - 127.0.0.1 - - [02/Mar/2026 15:55:40] "POST /api/portal/client_a/upload HTTP/1.1" 200 -
2026-03-02 15:55:42,559 - INFO - Bank CSV columns: ['date', 'description', 'amount']
2026-03-02 15:55:42,560 - WARNING - Optional column 'debit' not found (variations: ['debit', 'Debit', 'debit']). Will use default value: 0
2026-03-02 15:55:42,561 - WARNING - Optional column 'balance' not found (variations: ['balance', 'Balance', 'balance']). Will use default value: 0
2026-03-02 15:55:42,565 - INFO - Bank CSV processed. Final columns: ['date', 'description', 'amount', 'debit', 'balance', 'matched']
2026-03-02 15:55:42,565 - INFO - Bank statement loaded successfully: 11 rows
2026-03-02 15:55:42,566 - INFO - File uploaded for client_a: bank
2026-03-02 15:55:42,566 - INFO - 127.0.0.1 - - [02/Mar/2026 15:55:42] "POST /api/portal/client_a/upload HTTP/1.1" 200 -
2026-03-02 15:55:45,360 - INFO - Payout CSV columns: ['payout_id', 'arrival_date', 'amount', 'status']
2026-03-02 15:55:45,360 - WARNING - Optional column 'currency' not found (variations: ['currency', 'Currency', 'currency']). Will use default value: USD
2026-03-02 15:55:45,361 - WARNING - Optional column 'type' not found (variations: ['type', 'Type', 'type']). Will use default value: payout
2026-03-02 15:55:45,362 - INFO - Using 'arrival_date' as 'created' date
2026-03-02 15:55:45,364 - INFO - Payout CSV processed. Final columns: ['payout_id', 'arrival_date', 'amount', 'status', 'created', 'currency', 'type']
2026-03-02 15:55:45,364 - INFO - Payout file loaded successfully: 11 rows
2026-03-02 15:55:45,364 - INFO - File uploaded for client_a: payout
2026-03-02 15:55:45,365 - INFO - 127.0.0.1 - - [02/Mar/2026 15:55:45] "POST /api/portal/client_a/upload HTTP/1.1" 200 -
2026-03-02 15:55:45,372 - INFO - 127.0.0.1 - - [02/Mar/2026 15:55:45] "GET /api/portal/client_a/preview HTTP/1.1" 200 -
2026-03-02 15:55:49,465 - INFO - Processing reconciliation for client_a
2026-03-02 15:55:49,466 - INFO - Processing reconciliation with 50 balance rows, 11 payout rows, 11 bank rows
2026-03-02 15:55:49,466 - INFO - Step 1: Calculating monthly summary...
2026-03-02 15:55:49,470 - INFO - Stripe Monthly Summary calculated:
2026-03-02 15:55:49,470 - INFO -   Total Charges: 146200
2026-03-02 15:55:49,470 - INFO -   Total Fees: 4386
2026-03-02 15:55:49,470 - INFO -   Net Activity: 139514
2026-03-02 15:55:49,471 - INFO -   Total Payouts: 120606
2026-03-02 15:55:49,471 - INFO -   Ending Balance: 18908.0
2026-03-02 15:55:49,472 - INFO - Summary calculated: 15 metrics
2026-03-02 15:55:49,472 - INFO - Step 2: Matching payouts to bank deposits...
2026-03-02 15:55:49,480 - INFO - Payout po_501 matched in bank: 10573 (diff 0)
2026-03-02 15:55:49,487 - INFO - Payout po_502 matched in bank: 8439 (diff 0)
2026-03-02 15:55:49,492 - INFO - Payout po_503 matched in bank: 14162 (diff 2)
2026-03-02 15:55:49,498 - INFO - Payout po_504 matched in bank: 6402 (diff 0)
2026-03-02 15:55:49,502 - INFO - Payout po_505 matched in bank: 7954 (diff 0)
2026-03-02 15:55:49,507 - INFO - Payout po_506 matched in bank: 4206 (diff 0)
2026-03-02 15:55:49,513 - INFO - Payout po_507 matched in bank: 10670 (diff 0)
2026-03-02 15:55:49,518 - INFO - Payout po_508 matched in bank: 12222 (diff 0)
2026-03-02 15:55:49,521 - WARNING - Payout po_509 not found in bank deposits within tolerance 5.0
2026-03-02 15:55:49,527 - INFO - Payout po_510 matched in bank: 15326 (diff 0)
2026-03-02 15:55:49,531 - INFO - Payout po_511 matched in bank: 16878 (diff 0)
2026-03-02 15:55:49,537 - INFO - Payout Matching complete: 10 matched, 1 missing
2026-03-02 15:55:49,537 - INFO - Payout matching complete: 11 payouts, 1 unmatched bank
2026-03-02 15:55:49,538 - INFO - Step 3: Identifying missing payouts...
2026-03-02 15:55:49,541 - WARNING - Payout po_512 in balance report but not in payout report (net: 18430)
2026-03-02 15:55:49,542 - INFO - Missing Payouts identified: 1 entries
2026-03-02 15:55:49,543 - INFO - Missing payouts identified: 1
2026-03-02 15:55:49,543 - INFO - Step 4: Detecting exceptions...
2026-03-02 15:55:49,545 - ERROR - EXCEPTION: Payout po_509 missing in bank
2026-03-02 15:55:49,545 - WARNING - EXCEPTION: Bank deposit of 13740 not in payout report
2026-03-02 15:55:49,551 - WARNING - EXCEPTION: Opening balance appears to be zero
2026-03-02 15:55:49,553 - INFO - Exception Detection complete: 3 exceptions found
2026-03-02 15:55:49,554 - INFO - Exception detection complete: 3 exceptions
2026-03-02 15:55:49,554 - INFO - Processing complete. Reconciliation Status: Exception
2026-03-02 15:55:49,555 - INFO - Generating Excel report...
2026-03-02 15:55:49,557 - INFO - Created Summary sheet
2026-03-02 15:55:49,560 - INFO - Created Payout_Matching sheet
2026-03-02 15:55:49,561 - INFO - Created Missing_Payouts sheet
2026-03-02 15:55:49,563 - INFO - Created Unmatched_Bank sheet
2026-03-02 15:55:49,565 - INFO - Created Exceptions sheet
2026-03-02 15:55:49,693 - INFO - Report generated successfully
2026-03-02 15:55:49,693 - INFO - Report generated successfully for client_a
2026-03-02 15:55:49,694 - INFO - 127.0.0.1 - - [02/Mar/2026 15:55:49] "POST /api/portal/client_a/process HTTP/1.1" 200 -
2026-03-02 15:55:51,736 - INFO - Client client_a accessed portal
2026-03-02 15:55:51,738 - INFO - 127.0.0.1 - - [02/Mar/2026 15:55:51] "GET /portal/client_a HTTP/1.1" 200 -
2026-03-02 15:55:52,041 - INFO - 127.0.0.1 - - [02/Mar/2026 15:55:52] "GET /api/portal/client_a/status HTTP/1.1" 200 -
2026-03-02 16:09:24,621 - INFO - Starting Stripe Reconciliation Accelerator (Debug: False, Port: 5000)
2026-03-02 16:09:25,476 - INFO - [31m[1mWARNING: This is a development server. Do not use it in a production deployment. Use a production WSGI server instead.[0m
 * Running on all addresses (0.0.0.0)
 * Running on http://127.0.0.1:5000
 * Running on http://192.168.100.4:5000
2026-03-02 16:09:25,477 - INFO - [33mPress CTRL+C to quit[0m
2026-03-02 16:10:19,763 - INFO - 127.0.0.1 - - [02/Mar/2026 16:10:19] "GET / HTTP/1.1" 200 -
2026-03-02 16:21:47,944 - INFO - Client client_a accessed portal
2026-03-02 16:21:48,697 - INFO - 127.0.0.1 - - [02/Mar/2026 16:21:48] "GET /portal/client_a HTTP/1.1" 200 -
2026-03-02 16:21:49,538 - INFO - 127.0.0.1 - - [02/Mar/2026 16:21:49] "GET /api/portal/client_a/status HTTP/1.1" 200 -
2026-03-02 16:24:45,829 - INFO - Bank CSV columns: ['date', 'description', 'amount']
2026-03-02 16:24:45,833 - WARNING - Optional column 'debit' not found (variations: ['debit', 'Debit', 'debit']). Will use default value: 0
2026-03-02 16:24:45,833 - WARNING - Optional column 'balance' not found (variations: ['balance', 'Balance', 'balance']). Will use default value: 0
2026-03-02 16:24:45,855 - INFO - Bank CSV processed. Final columns: ['date', 'description', 'amount', 'debit', 'balance', 'matched']
2026-03-02 16:24:45,855 - INFO - Bank statement loaded successfully: 10 rows
2026-03-02 16:24:45,855 - INFO - File uploaded for client_a: bank
2026-03-02 16:24:45,856 - INFO - 127.0.0.1 - - [02/Mar/2026 16:24:45] "POST /api/portal/client_a/upload HTTP/1.1" 200 -
2026-03-02 16:24:47,508 - INFO - Balance CSV columns: ['created', 'type', 'description', 'amount', 'fee', 'net', 'payout_id']
2026-03-02 16:24:47,508 - INFO - Unused columns in file: ['description']
2026-03-02 16:24:47,518 - INFO - Balance CSV processed. Final columns: ['created', 'type', 'description', 'amount', 'fee', 'net', 'payout_id', 'currency']
2026-03-02 16:24:47,518 - INFO - Balance file loaded successfully: 87 rows
2026-03-02 16:24:47,518 - INFO - File uploaded for client_a: balance
2026-03-02 16:24:47,519 - INFO - 127.0.0.1 - - [02/Mar/2026 16:24:47] "POST /api/portal/client_a/upload HTTP/1.1" 200 -
2026-03-02 16:24:49,163 - INFO - Payout CSV columns: ['payout_id', 'arrival_date', 'amount', 'status']
2026-03-02 16:24:49,164 - WARNING - Optional column 'currency' not found (variations: ['currency', 'Currency', 'currency']). Will use default value: USD
2026-03-02 16:24:49,164 - WARNING - Optional column 'type' not found (variations: ['type', 'Type', 'type']). Will use default value: payout
2026-03-02 16:24:49,165 - INFO - Using 'arrival_date' as 'created' date
2026-03-02 16:24:49,169 - INFO - Payout CSV processed. Final columns: ['payout_id', 'arrival_date', 'amount', 'status', 'created', 'currency', 'type']
2026-03-02 16:24:49,169 - INFO - Payout file loaded successfully: 10 rows
2026-03-02 16:24:49,170 - INFO - File uploaded for client_a: payout
2026-03-02 16:24:49,170 - INFO - 127.0.0.1 - - [02/Mar/2026 16:24:49] "POST /api/portal/client_a/upload HTTP/1.1" 200 -
2026-03-02 16:24:49,177 - INFO - 127.0.0.1 - - [02/Mar/2026 16:24:49] "GET /api/portal/client_a/preview HTTP/1.1" 200 -
2026-03-02 16:25:04,613 - INFO - Processing reconciliation for client_a with opening_balance=8000.0 tolerance=10.0
2026-03-02 16:25:04,615 - INFO - Processing reconciliation with 87 balance rows, 10 payout rows, 10 bank rows
2026-03-02 16:25:04,615 - INFO - Step 1: Calculating monthly summary...
2026-03-02 16:25:04,624 - INFO - Stripe Monthly Summary calculated:
2026-03-02 16:25:04,625 - INFO -   Total Charges: 379800
2026-03-02 16:25:04,626 - INFO -   Total Fees: 11394
2026-03-02 16:25:04,626 - INFO -   Net Activity: 364706
2026-03-02 16:25:04,627 - INFO -   Total Payouts: 316710
2026-03-02 16:25:04,627 - INFO -   Ending Balance: 55996.0
2026-03-02 16:25:04,627 - INFO - Summary calculated: 15 metrics
2026-03-02 16:25:04,628 - INFO - Step 2: Matching payouts to bank deposits...
2026-03-02 16:25:04,646 - INFO - Payout po_601 matched in bank: 19096 (diff 0)
2026-03-02 16:25:04,650 - INFO - Payout po_602 matched in bank: 25046 (diff 0)
2026-03-02 16:25:04,655 - INFO - Payout po_603 matched in bank: 32112 (diff 0)
2026-03-02 16:25:04,660 - INFO - Payout po_604 matched in bank: 37210 (diff 10)
2026-03-02 16:25:04,665 - INFO - Payout po_605 matched in bank: 42308 (diff 0)
2026-03-02 16:25:04,669 - INFO - Payout po_606 matched in bank: 47406 (diff 0)
2026-03-02 16:25:04,674 - INFO - Payout po_607 matched in bank: 8532 (diff 0)
2026-03-02 16:25:04,678 - INFO - Payout po_608 matched in bank: 30000 (diff 0)
2026-03-02 16:25:04,681 - WARNING - Payout po_609 not found in bank deposits within tolerance 10.0
2026-03-02 16:25:04,686 - INFO - Payout po_610 matched in bank: 40000 (diff 0)
2026-03-02 16:25:04,691 - INFO - Payout Matching complete: 9 matched, 1 missing
2026-03-02 16:25:04,691 - INFO - Payout matching complete: 10 payouts, 1 unmatched bank
2026-03-02 16:25:04,691 - INFO - Step 3: Identifying missing payouts...
2026-03-02 16:25:04,694 - WARNING - Payout po_611 in balance report but not in payout report (net: 47724)
2026-03-02 16:25:04,695 - INFO - Missing Payouts identified: 1 entries
2026-03-02 16:25:04,695 - INFO - Missing payouts identified: 1
2026-03-02 16:25:04,695 - INFO - Step 4: Detecting exceptions...
2026-03-02 16:25:04,697 - ERROR - EXCEPTION: Payout po_609 missing in bank
2026-03-02 16:25:04,698 - WARNING - EXCEPTION: Bank deposit of 34940 not in payout report
2026-03-02 16:25:04,706 - INFO - Exception Detection complete: 2 exceptions found
2026-03-02 16:25:04,707 - INFO - Exception detection complete: 2 exceptions
2026-03-02 16:25:04,707 - INFO - Processing complete. Reconciliation Status: Exception
2026-03-02 16:25:04,708 - INFO - Generating Excel report...
2026-03-02 16:25:04,712 - INFO - Created Summary sheet
2026-03-02 16:25:04,715 - INFO - Created Payout_Matching sheet
2026-03-02 16:25:04,717 - INFO - Created Missing_Payouts sheet
2026-03-02 16:25:04,719 - INFO - Created Unmatched_Bank sheet
2026-03-02 16:25:04,721 - INFO - Created Exceptions sheet
2026-03-02 16:25:04,818 - INFO - Report generated successfully
2026-03-02 16:25:04,819 - INFO - Report generated successfully for client_a
2026-03-02 16:25:04,820 - INFO - 127.0.0.1 - - [02/Mar/2026 16:25:04] "POST /api/portal/client_a/process HTTP/1.1" 200 -
2026-03-02 16:25:06,872 - INFO - Client client_a accessed portal
2026-03-02 16:25:06,873 - INFO - 127.0.0.1 - - [02/Mar/2026 16:25:06] "GET /portal/client_a HTTP/1.1" 200 -
2026-03-02 16:25:07,678 - INFO - 127.0.0.1 - - [02/Mar/2026 16:25:07] "GET /api/portal/client_a/status HTTP/1.1" 200 -
2026-03-02 16:26:32,403 - INFO - Balance CSV columns: ['created', 'type', 'description', 'amount', 'fee', 'net', 'payout_id']
2026-03-02 16:26:32,405 - INFO - Unused columns in file: ['description']
2026-03-02 16:26:32,409 - INFO - Balance CSV processed. Final columns: ['created', 'type', 'description', 'amount', 'fee', 'net', 'payout_id', 'currency']
2026-03-02 16:26:32,410 - INFO - Balance file loaded successfully: 87 rows
2026-03-02 16:26:32,410 - INFO - File uploaded for client_a: balance
2026-03-02 16:26:32,411 - INFO - 127.0.0.1 - - [02/Mar/2026 16:26:32] "POST /api/portal/client_a/upload HTTP/1.1" 200 -
2026-03-02 16:26:33,676 - INFO - Payout CSV columns: ['payout_id', 'arrival_date', 'amount', 'status']
2026-03-02 16:26:33,677 - WARNING - Optional column 'currency' not found (variations: ['currency', 'Currency', 'currency']). Will use default value: USD
2026-03-02 16:26:33,678 - WARNING - Optional column 'type' not found (variations: ['type', 'Type', 'type']). Will use default value: payout
2026-03-02 16:26:33,679 - INFO - Using 'arrival_date' as 'created' date
2026-03-02 16:26:33,681 - INFO - Payout CSV processed. Final columns: ['payout_id', 'arrival_date', 'amount', 'status', 'created', 'currency', 'type']
2026-03-02 16:26:33,682 - INFO - Payout file loaded successfully: 10 rows
2026-03-02 16:26:33,682 - INFO - File uploaded for client_a: payout
2026-03-02 16:26:33,683 - INFO - 127.0.0.1 - - [02/Mar/2026 16:26:33] "POST /api/portal/client_a/upload HTTP/1.1" 200 -
2026-03-02 16:26:35,290 - INFO - Bank CSV columns: ['date', 'description', 'amount']
2026-03-02 16:26:35,291 - WARNING - Optional column 'debit' not found (variations: ['debit', 'Debit', 'debit']). Will use default value: 0
2026-03-02 16:26:35,291 - WARNING - Optional column 'balance' not found (variations: ['balance', 'Balance', 'balance']). Will use default value: 0
2026-03-02 16:26:35,295 - INFO - Bank CSV processed. Final columns: ['date', 'description', 'amount', 'debit', 'balance', 'matched']
2026-03-02 16:26:35,296 - INFO - Bank statement loaded successfully: 10 rows
2026-03-02 16:26:35,296 - INFO - File uploaded for client_a: bank
2026-03-02 16:26:35,296 - INFO - 127.0.0.1 - - [02/Mar/2026 16:26:35] "POST /api/portal/client_a/upload HTTP/1.1" 200 -
2026-03-02 16:26:35,301 - INFO - 127.0.0.1 - - [02/Mar/2026 16:26:35] "GET /api/portal/client_a/preview HTTP/1.1" 200 -
2026-03-02 16:26:46,534 - INFO - Processing reconciliation for client_a with opening_balance=8000.0 tolerance=10.0
2026-03-02 16:26:46,535 - INFO - Processing reconciliation with 87 balance rows, 10 payout rows, 10 bank rows
2026-03-02 16:26:46,535 - INFO - Step 1: Calculating monthly summary...
2026-03-02 16:26:46,539 - INFO - Stripe Monthly Summary calculated:
2026-03-02 16:26:46,540 - INFO -   Total Charges: 379800
2026-03-02 16:26:46,540 - INFO -   Total Fees: 11394
2026-03-02 16:26:46,540 - INFO -   Net Activity: 364706
2026-03-02 16:26:46,540 - INFO -   Total Payouts: 316710
2026-03-02 16:26:46,541 - INFO -   Ending Balance: 55996.0
2026-03-02 16:26:46,541 - INFO - Summary calculated: 15 metrics
2026-03-02 16:26:46,541 - INFO - Step 2: Matching payouts to bank deposits...
2026-03-02 16:26:46,547 - INFO - Payout po_601 matched in bank: 19096 (diff 0)
2026-03-02 16:26:46,553 - INFO - Payout po_602 matched in bank: 25046 (diff 0)
2026-03-02 16:26:46,559 - INFO - Payout po_603 matched in bank: 32112 (diff 0)
2026-03-02 16:26:46,564 - INFO - Payout po_604 matched in bank: 37210 (diff 10)
2026-03-02 16:26:46,570 - INFO - Payout po_605 matched in bank: 42308 (diff 0)
2026-03-02 16:26:46,574 - INFO - Payout po_606 matched in bank: 47406 (diff 0)
2026-03-02 16:26:46,578 - INFO - Payout po_607 matched in bank: 8532 (diff 0)
2026-03-02 16:26:46,582 - INFO - Payout po_608 matched in bank: 30000 (diff 0)
2026-03-02 16:26:46,585 - WARNING - Payout po_609 not found in bank deposits within tolerance 10.0
2026-03-02 16:26:46,589 - INFO - Payout po_610 matched in bank: 40000 (diff 0)
2026-03-02 16:26:46,593 - INFO - Payout Matching complete: 9 matched, 1 missing
2026-03-02 16:26:46,593 - INFO - Payout matching complete: 10 payouts, 1 unmatched bank
2026-03-02 16:26:46,594 - INFO - Step 3: Identifying missing payouts...
2026-03-02 16:26:46,596 - WARNING - Payout po_611 in balance report but not in payout report (net: 47724)
2026-03-02 16:26:46,597 - INFO - Missing Payouts identified: 1 entries
2026-03-02 16:26:46,597 - INFO - Missing payouts identified: 1
2026-03-02 16:26:46,597 - INFO - Step 4: Detecting exceptions...
2026-03-02 16:26:46,599 - ERROR - EXCEPTION: Payout po_609 missing in bank
2026-03-02 16:26:46,599 - WARNING - EXCEPTION: Bank deposit of 34940 not in payout report
2026-03-02 16:26:46,605 - INFO - Exception Detection complete: 2 exceptions found
2026-03-02 16:26:46,605 - INFO - Exception detection complete: 2 exceptions
2026-03-02 16:26:46,606 - INFO - Processing complete. Reconciliation Status: Exception
2026-03-02 16:26:46,606 - INFO - Generating Excel report...
2026-03-02 16:26:46,608 - INFO - Created Summary sheet
2026-03-02 16:26:46,612 - INFO - Created Payout_Matching sheet
2026-03-02 16:26:46,613 - INFO - Created Missing_Payouts sheet
2026-03-02 16:26:46,615 - INFO - Created Unmatched_Bank sheet
2026-03-02 16:26:46,616 - INFO - Created Exceptions sheet
2026-03-02 16:26:46,639 - INFO - Report generated successfully
2026-03-02 16:26:46,640 - INFO - Report generated successfully for client_a
2026-03-02 16:26:46,640 - INFO - 127.0.0.1 - - [02/Mar/2026 16:26:46] "POST /api/portal/client_a/process HTTP/1.1" 200 -
2026-03-02 16:26:48,678 - INFO - Client client_a accessed portal
2026-03-02 16:26:48,680 - INFO - 127.0.0.1 - - [02/Mar/2026 16:26:48] "GET /portal/client_a HTTP/1.1" 200 -
2026-03-02 16:26:49,094 - INFO - 127.0.0.1 - - [02/Mar/2026 16:26:49] "GET /api/portal/client_a/status HTTP/1.1" 200 -
